<html>
<head>
<title>TestNG:  Test</title>
<link href="../testng.css" rel="stylesheet" type="text/css" />
<link href="../my-testng.css" rel="stylesheet" type="text/css" />

<style type="text/css">
.log { display: none;} 
.stack-trace { display: none;} 
</style>
<script type="text/javascript">
<!--
function flip(e) {
  current = e.style.display;
  if (current == 'block') {
    e.style.display = 'none';
    return 0;
  }
  else {
    e.style.display = 'block';
    return 1;
  }
}

function toggleBox(szDivId, elem, msg1, msg2)
{
  var res = -1;  if (document.getElementById) {
    res = flip(document.getElementById(szDivId));
  }
  else if (document.all) {
    // this is the way old msie versions work
    res = flip(document.all[szDivId]);
  }
  if(elem) {
    if(res == 0) elem.innerHTML = msg1; else elem.innerHTML = msg2;
  }

}

function toggleAllBoxes() {
  if (document.getElementsByTagName) {
    d = document.getElementsByTagName('div');
    for (i = 0; i < d.length; i++) {
      if (d[i].className == 'log') {
        flip(d[i]);
      }
    }
  }
}

// -->
</script>

</head>
<body>
<h2 align='center'>Test</h2><table border='1' align="center">
<tr>
<td>Tests passed/Failed/Skipped:</td><td>20/1/0</td>
</tr><tr>
<td>Started on:</td><td>Sat Apr 19 20:14:01 IST 2025</td>
</tr>
<tr><td>Total time:</td><td>117 seconds (117464 ms)</td>
</tr><tr>
<td>Included groups:</td><td></td>
</tr><tr>
<td>Excluded groups:</td><td></td>
</tr>
</table><p/>
<small><i>(Hover the method name to see the test class name)</i></small><p/>
<table width='100%' border='1' class='invocation-failed'>
<tr><td colspan='4' align='center'><b>FAILED TESTS</b></td></tr>
<tr><td><b>Test method</b></td>
<td><b>Attribute(s)</b></td>
<td width="30%"><b>Exception</b></td>
<td width="10%"><b>Time (seconds)</b></td>
<td><b>Instance</b></td>
</tr>
<tr>
<td title='testbase.BookHotelTest.TC_20_testItinerary()'><b>TC_20_testItinerary</b><br>Test class: testbase.BookHotelTest</td>
<td><div><pre>java.lang.NullPointerException: Cannot invoke &quot;org.openqa.selenium.WebDriver.switchTo()&quot; because &quot;this.driver&quot; is null
	at testbase.BookHotelTest.TC_20_testItinerary(BookHotelTest.java:181)
	at java.base/java.util.ArrayList.forEach(ArrayList.java:1511)
... Removed 27 stack frames</pre></div><a href='#' onClick='toggleBox("stack-trace1795804759", this, "Click to show all stack frames", "Click to hide stack frames")'>Click to show all stack frames</a>
<div class='stack-trace' id='stack-trace1795804759'><pre>java.lang.NullPointerException: Cannot invoke &quot;org.openqa.selenium.WebDriver.switchTo()&quot; because &quot;this.driver&quot; is null
	at testbase.BookHotelTest.TC_20_testItinerary(BookHotelTest.java:181)
	at java.base/jdk.internal.reflect.NativeMethodAccessorImpl.invoke0(Native Method)
	at java.base/jdk.internal.reflect.NativeMethodAccessorImpl.invoke(NativeMethodAccessorImpl.java:77)
	at java.base/jdk.internal.reflect.DelegatingMethodAccessorImpl.invoke(DelegatingMethodAccessorImpl.java:43)
	at java.base/java.lang.reflect.Method.invoke(Method.java:569)
	at org.testng.internal.invokers.MethodInvocationHelper.invokeMethod(MethodInvocationHelper.java:139)
	at org.testng.internal.invokers.TestInvoker.invokeMethod(TestInvoker.java:664)
	at org.testng.internal.invokers.TestInvoker.invokeTestMethod(TestInvoker.java:227)
	at org.testng.internal.invokers.MethodRunner.runInSequence(MethodRunner.java:50)
	at org.testng.internal.invokers.TestInvoker$MethodInvocationAgent.invoke(TestInvoker.java:957)
	at org.testng.internal.invokers.TestInvoker.invokeTestMethods(TestInvoker.java:200)
	at org.testng.internal.invokers.TestMethodWorker.invokeTestMethods(TestMethodWorker.java:148)
	at org.testng.internal.invokers.TestMethodWorker.run(TestMethodWorker.java:128)
	at java.base/java.util.ArrayList.forEach(ArrayList.java:1511)
	at org.testng.TestRunner.privateRun(TestRunner.java:848)
	at org.testng.TestRunner.run(TestRunner.java:621)
	at org.testng.SuiteRunner.runTest(SuiteRunner.java:443)
	at org.testng.SuiteRunner.runSequentially(SuiteRunner.java:437)
	at org.testng.SuiteRunner.privateRun(SuiteRunner.java:397)
	at org.testng.SuiteRunner.run(SuiteRunner.java:336)
	at org.testng.SuiteRunnerWorker.runSuite(SuiteRunnerWorker.java:52)
	at org.testng.SuiteRunnerWorker.run(SuiteRunnerWorker.java:95)
	at org.testng.TestNG.runSuitesSequentially(TestNG.java:1280)
	at org.testng.TestNG.runSuitesLocally(TestNG.java:1200)
	at org.testng.TestNG.runSuites(TestNG.java:1114)
	at org.testng.TestNG.run(TestNG.java:1082)
	at org.testng.remote.AbstractRemoteTestNG.run(AbstractRemoteTestNG.java:115)
	at org.testng.remote.RemoteTestNG.initAndRun(RemoteTestNG.java:293)
	at org.testng.remote.RemoteTestNG.main(RemoteTestNG.java:91)
</pre></div></td>
<td>12</td>
<td>testbase.BookHotelTest@dd8ba08</td></tr>
</table><p>
<table width='100%' border='1' class='invocation-passed'>
<tr><td colspan='4' align='center'><b>PASSED TESTS</b></td></tr>
<tr><td><b>Test method</b></td>
<td><b>Attribute(s)</b></td>
<td width="30%"><b>Exception</b></td>
<td width="10%"><b>Time (seconds)</b></td>
<td><b>Instance</b></td>
</tr>
<tr>
<td title='testbase.LoginTest.TC_06_testvalidlogin()'><b>TC_06_testvalidlogin</b><br>Test class: testbase.LoginTest</td>
<td></td>
<td>1</td>
<td>testbase.LoginTest@5876a9af</td></tr>
<tr>
<td title='testbase.BookHotelTest.TC_14_testGoToBookingPage()'><b>TC_14_testGoToBookingPage</b><br>Test class: testbase.BookHotelTest</td>
<td></td>
<td>0</td>
<td>testbase.BookHotelTest@dd8ba08</td></tr>
<tr>
<td title='testbase.SearchHotelTest.TC_10_testDateBedoreInDate()'><b>TC_10_testDateBedoreInDate</b><br>Test class: testbase.SearchHotelTest</td>
<td></td>
<td>6</td>
<td>testbase.SearchHotelTest@515aebb0</td></tr>
<tr>
<td title='testbase.LogoutTest.TC_22_testlogout()'><b>TC_22_testlogout</b><br>Test class: testbase.LogoutTest</td>
<td></td>
<td>2</td>
<td>testbase.LogoutTest@6c64cb25</td></tr>
<tr>
<td title='testbase.BookHotelTest.TC_17_testWithoutBillingAddress()'><b>TC_17_testWithoutBillingAddress</b><br>Test class: testbase.BookHotelTest</td>
<td></td>
<td>4</td>
<td>testbase.BookHotelTest@dd8ba08</td></tr>
<tr>
<td title='testbase.SearchHotelTest.TC_09_testMissingOutDate()'><b>TC_09_testMissingOutDate</b><br>Test class: testbase.SearchHotelTest</td>
<td></td>
<td>5</td>
<td>testbase.SearchHotelTest@515aebb0</td></tr>
<tr>
<td title='testbase.SearchHotelTest.TC_11_testWithoutLocation()'><b>TC_11_testWithoutLocation</b><br>Test class: testbase.SearchHotelTest</td>
<td></td>
<td>6</td>
<td>testbase.SearchHotelTest@515aebb0</td></tr>
<tr>
<td title='testbase.LoginTest.TC_01_testLoginButtonVisible()'><b>TC_01_testLoginButtonVisible</b><br>Test class: testbase.LoginTest</td>
<td></td>
<td>0</td>
<td>testbase.LoginTest@5876a9af</td></tr>
<tr>
<td title='testbase.LoginTest.TC_04_testInvalidUsernameAndValidPassword()'><b>TC_04_testInvalidUsernameAndValidPassword</b><br>Test class: testbase.LoginTest</td>
<td></td>
<td>0</td>
<td>testbase.LoginTest@5876a9af</td></tr>
<tr>
<td title='testbase.BookHotelTest.TC_18_testWithoutCardNumber()'><b>TC_18_testWithoutCardNumber</b><br>Test class: testbase.BookHotelTest</td>
<td></td>
<td>5</td>
<td>testbase.BookHotelTest@dd8ba08</td></tr>
<tr>
<td title='testbase.ChangePasswordTest.TC_21_testChangePassword()'><b>TC_21_testChangePassword</b><br>Test class: testbase.ChangePasswordTest</td>
<td></td>
<td>2</td>
<td>testbase.ChangePasswordTest@245b4bdc</td></tr>
<tr>
<td title='testbase.LoginTest.TC_03_testInvalidUsernameAndvalidPassword()'><b>TC_03_testInvalidUsernameAndvalidPassword</b><br>Test class: testbase.LoginTest</td>
<td></td>
<td>1</td>
<td>testbase.LoginTest@5876a9af</td></tr>
<tr>
<td title='testbase.SearchHotelTest.TC_08_testMissingInDate()'><b>TC_08_testMissingInDate</b><br>Test class: testbase.SearchHotelTest</td>
<td></td>
<td>5</td>
<td>testbase.SearchHotelTest@515aebb0</td></tr>
<tr>
<td title='testbase.SearchHotelTest.TC_12_testWithoutRoomType()'><b>TC_12_testWithoutRoomType</b><br>Test class: testbase.SearchHotelTest</td>
<td></td>
<td>6</td>
<td>testbase.SearchHotelTest@515aebb0</td></tr>
<tr>
<td title='testbase.SearchHotelTest.TC_07_testSearchHotel()'><b>TC_07_testSearchHotel</b><br>Test class: testbase.SearchHotelTest</td>
<td></td>
<td>6</td>
<td>testbase.SearchHotelTest@515aebb0</td></tr>
<tr>
<td title='testbase.LoginTest.TC_02_tesLogintButtonClickable()'><b>TC_02_tesLogintButtonClickable</b><br>Test class: testbase.LoginTest</td>
<td></td>
<td>0</td>
<td>testbase.LoginTest@5876a9af</td></tr>
<tr>
<td title='testbase.BookHotelTest.TC_13_testWithOutClickingRadioButton()'><b>TC_13_testWithOutClickingRadioButton</b><br>Test class: testbase.BookHotelTest</td>
<td></td>
<td>0</td>
<td>testbase.BookHotelTest@dd8ba08</td></tr>
<tr>
<td title='testbase.BookHotelTest.TC_15_testWithoutFirstname()'><b>TC_15_testWithoutFirstname</b><br>Test class: testbase.BookHotelTest</td>
<td></td>
<td>5</td>
<td>testbase.BookHotelTest@dd8ba08</td></tr>
<tr>
<td title='testbase.BookHotelTest.TC_19_testBookWithValidData()'><b>TC_19_testBookWithValidData</b><br>Test class: testbase.BookHotelTest</td>
<td></td>
<td>7</td>
<td>testbase.BookHotelTest@dd8ba08</td></tr>
<tr>
<td title='testbase.BookHotelTest.TC_16_testWithoutLastname()'><b>TC_16_testWithoutLastname</b><br>Test class: testbase.BookHotelTest</td>
<td></td>
<td>5</td>
<td>testbase.BookHotelTest@dd8ba08</td></tr>
</table><p>
</body>
</html>