<?xml version="1.0" encoding="UTF-8"?>
<!-- Generated by org.testng.reporters.JUnitXMLReporter -->
<testsuite ignored="0" hostname="ZS-LT-9X5WKW3" failures="1" tests="21" name="Test" time="117.464" errors="0" timestamp="2025-04-19T20:15:59 IST">
  <testcase classname="testbase.LoginTest" name="TC_01_testLoginButtonVisible" time="0.08"/>
  <testcase classname="testbase.LoginTest" name="TC_02_tesLogintButtonClickable" time="0.089"/>
  <testcase classname="testbase.LoginTest" name="TC_03_testInvalidUsernameAndvalidPassword" time="1.01"/>
  <testcase classname="testbase.LoginTest" name="TC_04_testInvalidUsernameAndValidPassword" time="0.469"/>
  <testcase classname="testbase.LoginTest" name="TC_06_testvalidlogin" time="1.697"/>
  <testcase classname="testbase.SearchHotelTest" name="TC_07_testSearchHotel" time="6.63"/>
  <testcase classname="testbase.SearchHotelTest" name="TC_08_testMissingInDate" time="5.457"/>
  <testcase classname="testbase.SearchHotelTest" name="TC_09_testMissingOutDate" time="5.739"/>
  <testcase classname="testbase.SearchHotelTest" name="TC_10_testDateBedoreInDate" time="6.346"/>
  <testcase classname="testbase.SearchHotelTest" name="TC_11_testWithoutLocation" time="6.043"/>
  <testcase classname="testbase.SearchHotelTest" name="TC_12_testWithoutRoomType" time="6.171"/>
  <testcase classname="testbase.BookHotelTest" name="TC_13_testWithOutClickingRadioButton" time="0.453"/>
  <testcase classname="testbase.BookHotelTest" name="TC_14_testGoToBookingPage" time="0.594"/>
  <testcase classname="testbase.BookHotelTest" name="TC_15_testWithoutFirstname" time="5.219"/>
  <testcase classname="testbase.BookHotelTest" name="TC_16_testWithoutLastname" time="5.026"/>
  <testcase classname="testbase.BookHotelTest" name="TC_17_testWithoutBillingAddress" time="4.49"/>
  <testcase classname="testbase.BookHotelTest" name="TC_18_testWithoutCardNumber" time="5.091"/>
  <testcase classname="testbase.BookHotelTest" name="TC_19_testBookWithValidData" time="7.136"/>
  <testcase classname="testbase.BookHotelTest" name="TC_20_testItinerary" time="12.062">
    <failure type="java.lang.NullPointerException" message="Cannot invoke &amp;quot;org.openqa.selenium.WebDriver.switchTo()&amp;quot; because &amp;quot;this.driver&amp;quot; is null">
      <![CDATA[java.lang.NullPointerException: Cannot invoke "org.openqa.selenium.WebDriver.switchTo()" because "this.driver" is null
at testbase.BookHotelTest.TC_20_testItinerary(BookHotelTest.java:181)
at java.base/java.util.ArrayList.forEach(ArrayList.java:1511)
... Removed 27 stack frames]]>
    </failure>
  </testcase> <!-- TC_20_testItinerary -->
  <testcase classname="testbase.ChangePasswordTest" name="TC_21_testChangePassword" time="2.557"/>
  <testcase classname="testbase.LogoutTest" name="TC_22_testlogout" time="2.881"/>
</testsuite> <!-- Test -->
